%!Adobe-FontList 1.14
%Locale:0x409

%BeginFont
Handler:DirectoryHandler
FontType:Type1
FontName:Concern-Light
FamilyName:Concern
StyleName:Light
MenuName:Concern Light
StyleBits:0
WeightClass:400
WidthClass:5
AngleClass:0
FullName:Concern Light
WritingScript:Roman
OutlineFileName:\Concern-Light.otf
DataFormat:sfntData
UsesStandardEncoding:yes
isCFF:yes
FileLength:50512
FileModTime:1541751222
%EndFont

%BeginFont
Handler:DirectoryHandler
FontType:TrueType
FontName:BeaufortLight
FamilyName:BeaufortLight
StyleName:Regular
MenuName:BeaufortLight
StyleBits:0
WeightClass:400
WidthClass:5
AngleClass:0
FullName:BeaufortLight
WritingScript:Roman
OutlineFileName:\Shinntype - BeaufortLight.ttf
DataFormat:sfntData
FileLength:60708
FileModTime:1562068881
%EndFont

%BeginFont
Handler:DirectoryHandler
FontType:Type1
FontName:MinionPro-Regular
FamilyName:Minion Pro
StyleName:Regular
MenuName:Minion Pro
StyleBits:0
WeightClass:400
WidthClass:5
AngleClass:0
FullName:Minion Pro
WritingScript:Roman
OutlineFileName:\MinionPro-Regular.otf
DataFormat:sfntData
UsesStandardEncoding:yes
isCFF:yes
FileLength:217280
FileModTime:1431644177
DesignSize:110
%EndFont

%BeginFont
Handler:DirectoryHandler
FontType:Type1
FontName:Concern-Regular
FamilyName:Concern
StyleName:Regular
MenuName:Concern
StyleBits:0
WeightClass:400
WidthClass:5
AngleClass:0
FullName:Concern Regular
WritingScript:Roman
OutlineFileName:\Concern-Regular.otf
DataFormat:sfntData
UsesStandardEncoding:yes
isCFF:yes
FileLength:50880
FileModTime:1541751222
%EndFont

