%!Adobe-FontList 1.19
%Locale:0x409

%BeginFont
Handler:DirectoryHandler
FontType:Type1
FontName:Concern-Light
FamilyName:Concern
StyleName:Light
MenuName:Concern Light
StyleBits:0
WeightClass:400
WidthClass:5
AngleClass:0
FullName:Concern Light
WritingScript:Roman
OutlineFileName:\Concern-Light.otf
DataFormat:sfntData
UsesStandardEncoding:yes
isCFF:yes
hasSVG:no
VariableFontType:NonVariableFont
FileLength:50512
FileModTime:1541751222
NameArray:0,Mac,4,Concern Light
NameArray:0,Win,1,Concern Light
NameArray:0,Win,16,Concern
%EndFont

%BeginFont
Handler:DirectoryHandler
FontType:TrueType
FontName:BeaufortLight
FamilyName:BeaufortLight
StyleName:Regular
MenuName:BeaufortLight
StyleBits:0
WeightClass:400
WidthClass:5
AngleClass:0
FullName:BeaufortLight
WritingScript:Roman
OutlineFileName:\Shinntype - BeaufortLight.ttf
DataFormat:sfntData
hasSVG:no
VariableFontType:NonVariableFont
FileLength:60708
FileModTime:1562068881
NameArray:0,Mac,4,BeaufortLight
NameArray:0,Win,1,BeaufortLight
%EndFont

%BeginFont
Handler:DirectoryHandler
FontType:Type1
FontName:MinionPro-Regular
FamilyName:Minion Pro
StyleName:Regular
MenuName:Minion Pro
StyleBits:0
WeightClass:400
WidthClass:5
AngleClass:0
FullName:Minion Pro
WritingScript:Roman
OutlineFileName:\MinionPro-Regular.otf
DataFormat:sfntData
UsesStandardEncoding:yes
isCFF:yes
hasSVG:no
VariableFontType:NonVariableFont
FileLength:217280
FileModTime:1431644177
DesignSize:110
NameArray:0,Mac,4,Minion Pro
NameArray:0,Win,1,Minion Pro
%EndFont

%BeginFont
Handler:DirectoryHandler
FontType:Type1
FontName:Concern-Regular
FamilyName:Concern
StyleName:Regular
MenuName:Concern
StyleBits:0
WeightClass:400
WidthClass:5
AngleClass:0
FullName:Concern Regular
WritingScript:Roman
OutlineFileName:\Concern-Regular.otf
DataFormat:sfntData
UsesStandardEncoding:yes
isCFF:yes
hasSVG:no
VariableFontType:NonVariableFont
FileLength:50880
FileModTime:1541751222
NameArray:0,Mac,4,Concern Regular
NameArray:0,Win,1,Concern
%EndFont

